0 info it worked if it ends with ok
1 verbose cli [ '/usr/local/bin/node',
1 verbose cli   '/usr/local/bin/npm',
1 verbose cli   'run',
1 verbose cli   'build-client-watch' ]
2 info using npm@3.10.10
3 info using node@v6.11.3
4 verbose run-script [ 'prebuild-client-watch',
4 verbose run-script   'build-client-watch',
4 verbose run-script   'postbuild-client-watch' ]
5 info lifecycle collection-query-service@1.0.0~prebuild-client-watch: collection-query-service@1.0.0
6 silly lifecycle collection-query-service@1.0.0~prebuild-client-watch: no script for prebuild-client-watch, continuing
7 info lifecycle collection-query-service@1.0.0~build-client-watch: collection-query-service@1.0.0
8 verbose lifecycle collection-query-service@1.0.0~build-client-watch: unsafe-perm in lifecycle true
9 verbose lifecycle collection-query-service@1.0.0~build-client-watch: PATH: /usr/local/lib/node_modules/npm/bin/node-gyp-bin:/Users/jamiewax/collection-query-service/node_modules/.bin:/usr/local/lib/node_modules/npm/bin/node-gyp-bin:/Users/jamiewax/collection-query-service/node_modules/.bin:/usr/bin:/bin:/usr/sbin:/sbin:/usr/local/bin
10 verbose lifecycle collection-query-service@1.0.0~build-client-watch: CWD: /Users/jamiewax/collection-query-service
11 silly lifecycle collection-query-service@1.0.0~build-client-watch: Args: [ '-c', 'webpack -w' ]
12 silly lifecycle collection-query-service@1.0.0~build-client-watch: Returned: code: 1  signal: null
13 info lifecycle collection-query-service@1.0.0~build-client-watch: Failed to exec build-client-watch script
14 verbose stack Error: collection-query-service@1.0.0 build-client-watch: `webpack -w`
14 verbose stack Exit status 1
14 verbose stack     at EventEmitter.<anonymous> (/usr/local/lib/node_modules/npm/lib/utils/lifecycle.js:255:16)
14 verbose stack     at emitTwo (events.js:106:13)
14 verbose stack     at EventEmitter.emit (events.js:191:7)
14 verbose stack     at ChildProcess.<anonymous> (/usr/local/lib/node_modules/npm/lib/utils/spawn.js:40:14)
14 verbose stack     at emitTwo (events.js:106:13)
14 verbose stack     at ChildProcess.emit (events.js:191:7)
14 verbose stack     at maybeClose (internal/child_process.js:920:16)
14 verbose stack     at Process.ChildProcess._handle.onexit (internal/child_process.js:230:5)
15 verbose pkgid collection-query-service@1.0.0
16 verbose cwd /Users/jamiewax/collection-query-service
17 error Darwin 17.4.0
18 error argv "/usr/local/bin/node" "/usr/local/bin/npm" "run" "build-client-watch"
19 error node v6.11.3
20 error npm  v3.10.10
21 error code ELIFECYCLE
22 error collection-query-service@1.0.0 build-client-watch: `webpack -w`
22 error Exit status 1
23 error Failed at the collection-query-service@1.0.0 build-client-watch script 'webpack -w'.
23 error Make sure you have the latest version of node.js and npm installed.
23 error If you do, this is most likely a problem with the collection-query-service package,
23 error not with npm itself.
23 error Tell the author that this fails on your system:
23 error     webpack -w
23 error You can get information on how to open an issue for this project with:
23 error     npm bugs collection-query-service
23 error Or if that isn't available, you can get their info via:
23 error     npm owner ls collection-query-service
23 error There is likely additional logging output above.
24 verbose exit [ 1, true ]
